<html>
<head>
<title>TestNG:  iOS</title>
<link href="../testng.css" rel="stylesheet" type="text/css" />
<link href="../my-testng.css" rel="stylesheet" type="text/css" />

<style type="text/css">
.log { display: none;} 
.stack-trace { display: none;} 
</style>
<script type="text/javascript">
<!--
function flip(e) {
  current = e.style.display;
  if (current == 'block') {
    e.style.display = 'none';
    return 0;
  }
  else {
    e.style.display = 'block';
    return 1;
  }
}

function toggleBox(szDivId, elem, msg1, msg2)
{
  var res = -1;  if (document.getElementById) {
    res = flip(document.getElementById(szDivId));
  }
  else if (document.all) {
    // this is the way old msie versions work
    res = flip(document.all[szDivId]);
  }
  if(elem) {
    if(res == 0) elem.innerHTML = msg1; else elem.innerHTML = msg2;
  }

}

function toggleAllBoxes() {
  if (document.getElementsByTagName) {
    d = document.getElementsByTagName('div');
    for (i = 0; i < d.length; i++) {
      if (d[i].className == 'log') {
        flip(d[i]);
      }
    }
  }
}

// -->
</script>

</head>
<body>
<h2 align='center'>iOS</h2><table border='1' align="center">
<tr>
<td>Tests passed/Failed/Skipped:</td><td>0/0/3</td>
</tr><tr>
<td>Started on:</td><td>Wed Sep 25 19:00:07 IST 2024</td>
</tr>
<tr><td>Total time:</td><td>0 seconds (750 ms)</td>
</tr><tr>
<td>Included groups:</td><td></td>
</tr><tr>
<td>Excluded groups:</td><td></td>
</tr>
</table><p/>
<small><i>(Hover the method name to see the test class name)</i></small><p/>
<table width='100%' border='1' class='invocation-failed'>
<tr><td colspan='4' align='center'><b>FAILED CONFIGURATIONS</b></td></tr>
<tr><td><b>Test method</b></td>
<td><b>Attribute(s)</b></td>
<td width="30%"><b>Exception</b></td>
<td width="10%"><b>Time (seconds)</b></td>
<td><b>Instance</b></td>
</tr>
<tr>
<td title='com.qa.testClass.LoginPageTest.beforeTest()'><b>beforeTest</b><br>Test class: com.qa.testClass.LoginPageTest<br>Parameters: androidOnly, false, iOS, iPhone XS, PD21BDD464038424, androidOnly, androidOnly, androidOnly, 10001, 11001</td>
<td><div><pre>org.openqa.selenium.SessionNotCreatedException: Could not start a new session. Response code 500. Message: An unknown server-side error occurred while processing the command. Original error: Could not find a driver for automationName &apos;XCUITest&apos; and platformName &apos;IOS&apos;. Have you installed a driver that supports those capabilities? Run &apos;appium driver list --installed&apos; to see. (Lower-level error: Could not find installed driver to support given caps) 
Host info: host: &apos;EXIPC0200&apos;, ip: &apos;172.17.10.166&apos;
Build info: version: &apos;4.25.0&apos;, revision: &apos;8a8aea2337&apos;
System info: os.name: &apos;Windows 11&apos;, os.arch: &apos;amd64&apos;, os.version: &apos;10.0&apos;, java.version: &apos;17.0.12&apos;
Driver info: io.appium.java_client.ios.IOSDriver
Command: [null, newSession {capabilities=[Capabilities {appium:app: D:\Eclipse-WorkSpace\SmartA..., appium:automationName: XCUITest, appium:bundleId: org.reactjs.native.example...., appium:deviceName: iPhone XS, appium:udid: PD21BDD464038424, appium:wdaLocalPort: 10001, appium:webkitDebugProxyPort: 11001, platformName: IOS}]}]
Capabilities {appium:app: D:\Eclipse-WorkSpace\SmartA..., appium:automationName: XCUITest, appium:bundleId: org.reactjs.native.example...., appium:deviceName: iPhone XS, appium:udid: PD21BDD464038424, appium:wdaLocalPort: 10001, appium:webkitDebugProxyPort: 11001, platformName: IOS}
	at org.openqa.selenium.remote.ProtocolHandshake.createSession(ProtocolHandshake.java:114)
	at org.openqa.selenium.remote.ProtocolHandshake.createSession(ProtocolHandshake.java:75)
	at org.openqa.selenium.remote.ProtocolHandshake.createSession(ProtocolHandshake.java:61)
	at io.appium.java_client.remote.AppiumCommandExecutor.createSession(AppiumCommandExecutor.java:176)
	at io.appium.java_client.remote.AppiumCommandExecutor.execute(AppiumCommandExecutor.java:237)
	at org.openqa.selenium.remote.RemoteWebDriver.execute(RemoteWebDriver.java:545)
	at io.appium.java_client.AppiumDriver.startSession(AppiumDriver.java:270)
	at org.openqa.selenium.remote.RemoteWebDriver.&lt;init&gt;(RemoteWebDriver.java:174)
	at io.appium.java_client.AppiumDriver.&lt;init&gt;(AppiumDriver.java:91)
	at io.appium.java_client.AppiumDriver.&lt;init&gt;(AppiumDriver.java:103)
	at io.appium.java_client.ios.IOSDriver.&lt;init&gt;(IOSDriver.java:101)
	at com.qa.baseClass.BaseTest.beforeTest(BaseTest.java:306)
	at java.base/java.util.concurrent.FutureTask.run(FutureTask.java:264)
	at java.base/java.util.concurrent.ThreadPoolExecutor.runWorker(ThreadPoolExecutor.java:1136)
	at java.base/java.util.concurrent.ThreadPoolExecutor$Worker.run(ThreadPoolExecutor.java:635)
	at java.base/java.lang.Thread.run(Thread.java:842)
... Removed 14 stack frames</pre></div><a href='#' onClick='toggleBox("stack-trace1426771667", this, "Click to show all stack frames", "Click to hide stack frames")'>Click to show all stack frames</a>
<div class='stack-trace' id='stack-trace1426771667'><pre>org.openqa.selenium.SessionNotCreatedException: Could not start a new session. Response code 500. Message: An unknown server-side error occurred while processing the command. Original error: Could not find a driver for automationName &apos;XCUITest&apos; and platformName &apos;IOS&apos;. Have you installed a driver that supports those capabilities? Run &apos;appium driver list --installed&apos; to see. (Lower-level error: Could not find installed driver to support given caps) 
Host info: host: &apos;EXIPC0200&apos;, ip: &apos;172.17.10.166&apos;
Build info: version: &apos;4.25.0&apos;, revision: &apos;8a8aea2337&apos;
System info: os.name: &apos;Windows 11&apos;, os.arch: &apos;amd64&apos;, os.version: &apos;10.0&apos;, java.version: &apos;17.0.12&apos;
Driver info: io.appium.java_client.ios.IOSDriver
Command: [null, newSession {capabilities=[Capabilities {appium:app: D:\Eclipse-WorkSpace\SmartA..., appium:automationName: XCUITest, appium:bundleId: org.reactjs.native.example...., appium:deviceName: iPhone XS, appium:udid: PD21BDD464038424, appium:wdaLocalPort: 10001, appium:webkitDebugProxyPort: 11001, platformName: IOS}]}]
Capabilities {appium:app: D:\Eclipse-WorkSpace\SmartA..., appium:automationName: XCUITest, appium:bundleId: org.reactjs.native.example...., appium:deviceName: iPhone XS, appium:udid: PD21BDD464038424, appium:wdaLocalPort: 10001, appium:webkitDebugProxyPort: 11001, platformName: IOS}
	at org.openqa.selenium.remote.ProtocolHandshake.createSession(ProtocolHandshake.java:114)
	at org.openqa.selenium.remote.ProtocolHandshake.createSession(ProtocolHandshake.java:75)
	at org.openqa.selenium.remote.ProtocolHandshake.createSession(ProtocolHandshake.java:61)
	at io.appium.java_client.remote.AppiumCommandExecutor.createSession(AppiumCommandExecutor.java:176)
	at io.appium.java_client.remote.AppiumCommandExecutor.execute(AppiumCommandExecutor.java:237)
	at org.openqa.selenium.remote.RemoteWebDriver.execute(RemoteWebDriver.java:545)
	at io.appium.java_client.AppiumDriver.startSession(AppiumDriver.java:270)
	at org.openqa.selenium.remote.RemoteWebDriver.&lt;init&gt;(RemoteWebDriver.java:174)
	at io.appium.java_client.AppiumDriver.&lt;init&gt;(AppiumDriver.java:91)
	at io.appium.java_client.AppiumDriver.&lt;init&gt;(AppiumDriver.java:103)
	at io.appium.java_client.ios.IOSDriver.&lt;init&gt;(IOSDriver.java:101)
	at com.qa.baseClass.BaseTest.beforeTest(BaseTest.java:306)
	at java.base/jdk.internal.reflect.NativeMethodAccessorImpl.invoke0(Native Method)
	at java.base/jdk.internal.reflect.NativeMethodAccessorImpl.invoke(NativeMethodAccessorImpl.java:77)
	at java.base/jdk.internal.reflect.DelegatingMethodAccessorImpl.invoke(DelegatingMethodAccessorImpl.java:43)
	at java.base/java.lang.reflect.Method.invoke(Method.java:568)
	at org.testng.internal.invokers.MethodInvocationHelper.invokeMethod(MethodInvocationHelper.java:141)
	at org.testng.internal.invokers.MethodInvocationHelper.invokeMethodConsideringTimeout(MethodInvocationHelper.java:71)
	at org.testng.internal.invokers.ConfigInvoker.invokeConfigurationMethod(ConfigInvoker.java:400)
	at org.testng.internal.invokers.ConfigInvoker.invokeConfigurations(ConfigInvoker.java:333)
	at org.testng.TestRunner.invokeTestConfigurations(TestRunner.java:655)
	at org.testng.TestRunner.beforeRun(TestRunner.java:644)
	at org.testng.TestRunner.run(TestRunner.java:610)
	at org.testng.SuiteRunner.runTest(SuiteRunner.java:421)
	at org.testng.SuiteRunner$SuiteWorker.run(SuiteRunner.java:463)
	at org.testng.internal.thread.ThreadUtil.lambda$execute$0(ThreadUtil.java:64)
	at java.base/java.util.concurrent.FutureTask.run(FutureTask.java:264)
	at java.base/java.util.concurrent.ThreadPoolExecutor.runWorker(ThreadPoolExecutor.java:1136)
	at java.base/java.util.concurrent.ThreadPoolExecutor$Worker.run(ThreadPoolExecutor.java:635)
	at java.base/java.lang.Thread.run(Thread.java:842)
</pre></div></td>
<td>0</td>
<td>com.qa.testClass.LoginPageTest@175b9425</td></tr>
</table><p>
<table width='100%' border='1' class='invocation-skipped'>
<tr><td colspan='4' align='center'><b>SKIPPED CONFIGURATIONS</b></td></tr>
<tr><td><b>Test method</b></td>
<td><b>Attribute(s)</b></td>
<td width="30%"><b>Exception</b></td>
<td width="10%"><b>Time (seconds)</b></td>
<td><b>Instance</b></td>
</tr>
<tr>
<td title='com.qa.testClass.LoginPageTest.afterClass()'><b>afterClass</b><br>Test class: com.qa.testClass.LoginPageTest</td>
<td></td>
<td>0</td>
<td>com.qa.testClass.LoginPageTest@175b9425</td></tr>
<tr>
<td title='com.qa.testClass.LoginPageTest.beforeMethod()'><b>beforeMethod</b><br>Test class: com.qa.testClass.LoginPageTest</td>
<td></td>
<td>0</td>
<td>com.qa.testClass.LoginPageTest@175b9425</td></tr>
<tr>
<td title='com.qa.testClass.LoginPageTest.afterMethod()'><b>afterMethod</b><br>Test class: com.qa.testClass.LoginPageTest</td>
<td></td>
<td>0</td>
<td>com.qa.testClass.LoginPageTest@175b9425</td></tr>
<tr>
<td title='com.qa.testClass.LoginPageTest.beforeMethodForVideo()'><b>beforeMethodForVideo</b><br>Test class: com.qa.testClass.LoginPageTest</td>
<td></td>
<td>0</td>
<td>com.qa.testClass.LoginPageTest@175b9425</td></tr>
<tr>
<td title='com.qa.testClass.LoginPageTest.beforeMethodForVideo()'><b>beforeMethodForVideo</b><br>Test class: com.qa.testClass.LoginPageTest</td>
<td></td>
<td>0</td>
<td>com.qa.testClass.LoginPageTest@175b9425</td></tr>
<tr>
<td title='com.qa.testClass.LoginPageTest.beforeMethod()'><b>beforeMethod</b><br>Test class: com.qa.testClass.LoginPageTest</td>
<td></td>
<td>0</td>
<td>com.qa.testClass.LoginPageTest@175b9425</td></tr>
<tr>
<td title='com.qa.testClass.LoginPageTest.beforeMethodForVideo()'><b>beforeMethodForVideo</b><br>Test class: com.qa.testClass.LoginPageTest</td>
<td></td>
<td>0</td>
<td>com.qa.testClass.LoginPageTest@175b9425</td></tr>
<tr>
<td title='com.qa.testClass.LoginPageTest.beforeMethodForVideo()'><b>beforeMethodForVideo</b><br>Test class: com.qa.testClass.LoginPageTest</td>
<td></td>
<td>0</td>
<td>com.qa.testClass.LoginPageTest@175b9425</td></tr>
<tr>
<td title='com.qa.testClass.LoginPageTest.afterMethod()'><b>afterMethod</b><br>Test class: com.qa.testClass.LoginPageTest</td>
<td></td>
<td>0</td>
<td>com.qa.testClass.LoginPageTest@175b9425</td></tr>
<tr>
<td title='com.qa.testClass.LoginPageTest.afterMethod()'><b>afterMethod</b><br>Test class: com.qa.testClass.LoginPageTest</td>
<td></td>
<td>0</td>
<td>com.qa.testClass.LoginPageTest@175b9425</td></tr>
<tr>
<td title='com.qa.testClass.LoginPageTest.beforeMethodForVideo()'><b>beforeMethodForVideo</b><br>Test class: com.qa.testClass.LoginPageTest</td>
<td></td>
<td>0</td>
<td>com.qa.testClass.LoginPageTest@175b9425</td></tr>
<tr>
<td title='com.qa.testClass.LoginPageTest.afterTest()'><b>afterTest</b><br>Test class: com.qa.testClass.LoginPageTest</td>
<td></td>
<td>0</td>
<td>com.qa.testClass.LoginPageTest@175b9425</td></tr>
<tr>
<td title='com.qa.testClass.LoginPageTest.beforeClass()'><b>beforeClass</b><br>Test class: com.qa.testClass.LoginPageTest</td>
<td></td>
<td>0</td>
<td>com.qa.testClass.LoginPageTest@175b9425</td></tr>
<tr>
<td title='com.qa.testClass.LoginPageTest.beforeMethod()'><b>beforeMethod</b><br>Test class: com.qa.testClass.LoginPageTest</td>
<td></td>
<td>0</td>
<td>com.qa.testClass.LoginPageTest@175b9425</td></tr>
<tr>
<td title='com.qa.testClass.LoginPageTest.beforeMethodForVideo()'><b>beforeMethodForVideo</b><br>Test class: com.qa.testClass.LoginPageTest</td>
<td></td>
<td>0</td>
<td>com.qa.testClass.LoginPageTest@175b9425</td></tr>
</table><p>
<table width='100%' border='1' class='invocation-skipped'>
<tr><td colspan='4' align='center'><b>SKIPPED TESTS</b></td></tr>
<tr><td><b>Test method</b></td>
<td><b>Attribute(s)</b></td>
<td width="30%"><b>Exception</b></td>
<td width="10%"><b>Time (seconds)</b></td>
<td><b>Instance</b></td>
</tr>
<tr>
<td title='com.qa.testClass.LoginPageTest.validLogin()'><b>validLogin</b><br>Test class: com.qa.testClass.LoginPageTest</td>
<td><div><pre>org.openqa.selenium.SessionNotCreatedException: Could not start a new session. Response code 500. Message: An unknown server-side error occurred while processing the command. Original error: Could not find a driver for automationName &apos;XCUITest&apos; and platformName &apos;IOS&apos;. Have you installed a driver that supports those capabilities? Run &apos;appium driver list --installed&apos; to see. (Lower-level error: Could not find installed driver to support given caps) 
Host info: host: &apos;EXIPC0200&apos;, ip: &apos;172.17.10.166&apos;
Build info: version: &apos;4.25.0&apos;, revision: &apos;8a8aea2337&apos;
System info: os.name: &apos;Windows 11&apos;, os.arch: &apos;amd64&apos;, os.version: &apos;10.0&apos;, java.version: &apos;17.0.12&apos;
Driver info: io.appium.java_client.ios.IOSDriver
Command: [null, newSession {capabilities=[Capabilities {appium:app: D:\Eclipse-WorkSpace\SmartA..., appium:automationName: XCUITest, appium:bundleId: org.reactjs.native.example...., appium:deviceName: iPhone XS, appium:udid: PD21BDD464038424, appium:wdaLocalPort: 10001, appium:webkitDebugProxyPort: 11001, platformName: IOS}]}]
Capabilities {appium:app: D:\Eclipse-WorkSpace\SmartA..., appium:automationName: XCUITest, appium:bundleId: org.reactjs.native.example...., appium:deviceName: iPhone XS, appium:udid: PD21BDD464038424, appium:wdaLocalPort: 10001, appium:webkitDebugProxyPort: 11001, platformName: IOS}
	at org.openqa.selenium.remote.ProtocolHandshake.createSession(ProtocolHandshake.java:114)
	at org.openqa.selenium.remote.ProtocolHandshake.createSession(ProtocolHandshake.java:75)
	at org.openqa.selenium.remote.ProtocolHandshake.createSession(ProtocolHandshake.java:61)
	at io.appium.java_client.remote.AppiumCommandExecutor.createSession(AppiumCommandExecutor.java:176)
	at io.appium.java_client.remote.AppiumCommandExecutor.execute(AppiumCommandExecutor.java:237)
	at org.openqa.selenium.remote.RemoteWebDriver.execute(RemoteWebDriver.java:545)
	at io.appium.java_client.AppiumDriver.startSession(AppiumDriver.java:270)
	at org.openqa.selenium.remote.RemoteWebDriver.&lt;init&gt;(RemoteWebDriver.java:174)
	at io.appium.java_client.AppiumDriver.&lt;init&gt;(AppiumDriver.java:91)
	at io.appium.java_client.AppiumDriver.&lt;init&gt;(AppiumDriver.java:103)
	at io.appium.java_client.ios.IOSDriver.&lt;init&gt;(IOSDriver.java:101)
	at com.qa.baseClass.BaseTest.beforeTest(BaseTest.java:306)
	at java.base/java.util.concurrent.FutureTask.run(FutureTask.java:264)
	at java.base/java.util.concurrent.ThreadPoolExecutor.runWorker(ThreadPoolExecutor.java:1136)
	at java.base/java.util.concurrent.ThreadPoolExecutor$Worker.run(ThreadPoolExecutor.java:635)
	at java.base/java.lang.Thread.run(Thread.java:842)
... Removed 14 stack frames</pre></div><a href='#' onClick='toggleBox("stack-trace34566750", this, "Click to show all stack frames", "Click to hide stack frames")'>Click to show all stack frames</a>
<div class='stack-trace' id='stack-trace34566750'><pre>org.openqa.selenium.SessionNotCreatedException: Could not start a new session. Response code 500. Message: An unknown server-side error occurred while processing the command. Original error: Could not find a driver for automationName &apos;XCUITest&apos; and platformName &apos;IOS&apos;. Have you installed a driver that supports those capabilities? Run &apos;appium driver list --installed&apos; to see. (Lower-level error: Could not find installed driver to support given caps) 
Host info: host: &apos;EXIPC0200&apos;, ip: &apos;172.17.10.166&apos;
Build info: version: &apos;4.25.0&apos;, revision: &apos;8a8aea2337&apos;
System info: os.name: &apos;Windows 11&apos;, os.arch: &apos;amd64&apos;, os.version: &apos;10.0&apos;, java.version: &apos;17.0.12&apos;
Driver info: io.appium.java_client.ios.IOSDriver
Command: [null, newSession {capabilities=[Capabilities {appium:app: D:\Eclipse-WorkSpace\SmartA..., appium:automationName: XCUITest, appium:bundleId: org.reactjs.native.example...., appium:deviceName: iPhone XS, appium:udid: PD21BDD464038424, appium:wdaLocalPort: 10001, appium:webkitDebugProxyPort: 11001, platformName: IOS}]}]
Capabilities {appium:app: D:\Eclipse-WorkSpace\SmartA..., appium:automationName: XCUITest, appium:bundleId: org.reactjs.native.example...., appium:deviceName: iPhone XS, appium:udid: PD21BDD464038424, appium:wdaLocalPort: 10001, appium:webkitDebugProxyPort: 11001, platformName: IOS}
	at org.openqa.selenium.remote.ProtocolHandshake.createSession(ProtocolHandshake.java:114)
	at org.openqa.selenium.remote.ProtocolHandshake.createSession(ProtocolHandshake.java:75)
	at org.openqa.selenium.remote.ProtocolHandshake.createSession(ProtocolHandshake.java:61)
	at io.appium.java_client.remote.AppiumCommandExecutor.createSession(AppiumCommandExecutor.java:176)
	at io.appium.java_client.remote.AppiumCommandExecutor.execute(AppiumCommandExecutor.java:237)
	at org.openqa.selenium.remote.RemoteWebDriver.execute(RemoteWebDriver.java:545)
	at io.appium.java_client.AppiumDriver.startSession(AppiumDriver.java:270)
	at org.openqa.selenium.remote.RemoteWebDriver.&lt;init&gt;(RemoteWebDriver.java:174)
	at io.appium.java_client.AppiumDriver.&lt;init&gt;(AppiumDriver.java:91)
	at io.appium.java_client.AppiumDriver.&lt;init&gt;(AppiumDriver.java:103)
	at io.appium.java_client.ios.IOSDriver.&lt;init&gt;(IOSDriver.java:101)
	at com.qa.baseClass.BaseTest.beforeTest(BaseTest.java:306)
	at java.base/jdk.internal.reflect.NativeMethodAccessorImpl.invoke0(Native Method)
	at java.base/jdk.internal.reflect.NativeMethodAccessorImpl.invoke(NativeMethodAccessorImpl.java:77)
	at java.base/jdk.internal.reflect.DelegatingMethodAccessorImpl.invoke(DelegatingMethodAccessorImpl.java:43)
	at java.base/java.lang.reflect.Method.invoke(Method.java:568)
	at org.testng.internal.invokers.MethodInvocationHelper.invokeMethod(MethodInvocationHelper.java:141)
	at org.testng.internal.invokers.MethodInvocationHelper.invokeMethodConsideringTimeout(MethodInvocationHelper.java:71)
	at org.testng.internal.invokers.ConfigInvoker.invokeConfigurationMethod(ConfigInvoker.java:400)
	at org.testng.internal.invokers.ConfigInvoker.invokeConfigurations(ConfigInvoker.java:333)
	at org.testng.TestRunner.invokeTestConfigurations(TestRunner.java:655)
	at org.testng.TestRunner.beforeRun(TestRunner.java:644)
	at org.testng.TestRunner.run(TestRunner.java:610)
	at org.testng.SuiteRunner.runTest(SuiteRunner.java:421)
	at org.testng.SuiteRunner$SuiteWorker.run(SuiteRunner.java:463)
	at org.testng.internal.thread.ThreadUtil.lambda$execute$0(ThreadUtil.java:64)
	at java.base/java.util.concurrent.FutureTask.run(FutureTask.java:264)
	at java.base/java.util.concurrent.ThreadPoolExecutor.runWorker(ThreadPoolExecutor.java:1136)
	at java.base/java.util.concurrent.ThreadPoolExecutor$Worker.run(ThreadPoolExecutor.java:635)
	at java.base/java.lang.Thread.run(Thread.java:842)
</pre></div></td>
<td>0</td>
<td>com.qa.testClass.LoginPageTest@175b9425</td></tr>
<tr>
<td title='com.qa.testClass.LoginPageTest.invalidEmailErrText()'><b>invalidEmailErrText</b><br>Test class: com.qa.testClass.LoginPageTest</td>
<td><div><pre>org.openqa.selenium.SessionNotCreatedException: Could not start a new session. Response code 500. Message: An unknown server-side error occurred while processing the command. Original error: Could not find a driver for automationName &apos;XCUITest&apos; and platformName &apos;IOS&apos;. Have you installed a driver that supports those capabilities? Run &apos;appium driver list --installed&apos; to see. (Lower-level error: Could not find installed driver to support given caps) 
Host info: host: &apos;EXIPC0200&apos;, ip: &apos;172.17.10.166&apos;
Build info: version: &apos;4.25.0&apos;, revision: &apos;8a8aea2337&apos;
System info: os.name: &apos;Windows 11&apos;, os.arch: &apos;amd64&apos;, os.version: &apos;10.0&apos;, java.version: &apos;17.0.12&apos;
Driver info: io.appium.java_client.ios.IOSDriver
Command: [null, newSession {capabilities=[Capabilities {appium:app: D:\Eclipse-WorkSpace\SmartA..., appium:automationName: XCUITest, appium:bundleId: org.reactjs.native.example...., appium:deviceName: iPhone XS, appium:udid: PD21BDD464038424, appium:wdaLocalPort: 10001, appium:webkitDebugProxyPort: 11001, platformName: IOS}]}]
Capabilities {appium:app: D:\Eclipse-WorkSpace\SmartA..., appium:automationName: XCUITest, appium:bundleId: org.reactjs.native.example...., appium:deviceName: iPhone XS, appium:udid: PD21BDD464038424, appium:wdaLocalPort: 10001, appium:webkitDebugProxyPort: 11001, platformName: IOS}
	at org.openqa.selenium.remote.ProtocolHandshake.createSession(ProtocolHandshake.java:114)
	at org.openqa.selenium.remote.ProtocolHandshake.createSession(ProtocolHandshake.java:75)
	at org.openqa.selenium.remote.ProtocolHandshake.createSession(ProtocolHandshake.java:61)
	at io.appium.java_client.remote.AppiumCommandExecutor.createSession(AppiumCommandExecutor.java:176)
	at io.appium.java_client.remote.AppiumCommandExecutor.execute(AppiumCommandExecutor.java:237)
	at org.openqa.selenium.remote.RemoteWebDriver.execute(RemoteWebDriver.java:545)
	at io.appium.java_client.AppiumDriver.startSession(AppiumDriver.java:270)
	at org.openqa.selenium.remote.RemoteWebDriver.&lt;init&gt;(RemoteWebDriver.java:174)
	at io.appium.java_client.AppiumDriver.&lt;init&gt;(AppiumDriver.java:91)
	at io.appium.java_client.AppiumDriver.&lt;init&gt;(AppiumDriver.java:103)
	at io.appium.java_client.ios.IOSDriver.&lt;init&gt;(IOSDriver.java:101)
	at com.qa.baseClass.BaseTest.beforeTest(BaseTest.java:306)
	at java.base/java.util.concurrent.FutureTask.run(FutureTask.java:264)
	at java.base/java.util.concurrent.ThreadPoolExecutor.runWorker(ThreadPoolExecutor.java:1136)
	at java.base/java.util.concurrent.ThreadPoolExecutor$Worker.run(ThreadPoolExecutor.java:635)
	at java.base/java.lang.Thread.run(Thread.java:842)
... Removed 14 stack frames</pre></div><a href='#' onClick='toggleBox("stack-trace98445660", this, "Click to show all stack frames", "Click to hide stack frames")'>Click to show all stack frames</a>
<div class='stack-trace' id='stack-trace98445660'><pre>org.openqa.selenium.SessionNotCreatedException: Could not start a new session. Response code 500. Message: An unknown server-side error occurred while processing the command. Original error: Could not find a driver for automationName &apos;XCUITest&apos; and platformName &apos;IOS&apos;. Have you installed a driver that supports those capabilities? Run &apos;appium driver list --installed&apos; to see. (Lower-level error: Could not find installed driver to support given caps) 
Host info: host: &apos;EXIPC0200&apos;, ip: &apos;172.17.10.166&apos;
Build info: version: &apos;4.25.0&apos;, revision: &apos;8a8aea2337&apos;
System info: os.name: &apos;Windows 11&apos;, os.arch: &apos;amd64&apos;, os.version: &apos;10.0&apos;, java.version: &apos;17.0.12&apos;
Driver info: io.appium.java_client.ios.IOSDriver
Command: [null, newSession {capabilities=[Capabilities {appium:app: D:\Eclipse-WorkSpace\SmartA..., appium:automationName: XCUITest, appium:bundleId: org.reactjs.native.example...., appium:deviceName: iPhone XS, appium:udid: PD21BDD464038424, appium:wdaLocalPort: 10001, appium:webkitDebugProxyPort: 11001, platformName: IOS}]}]
Capabilities {appium:app: D:\Eclipse-WorkSpace\SmartA..., appium:automationName: XCUITest, appium:bundleId: org.reactjs.native.example...., appium:deviceName: iPhone XS, appium:udid: PD21BDD464038424, appium:wdaLocalPort: 10001, appium:webkitDebugProxyPort: 11001, platformName: IOS}
	at org.openqa.selenium.remote.ProtocolHandshake.createSession(ProtocolHandshake.java:114)
	at org.openqa.selenium.remote.ProtocolHandshake.createSession(ProtocolHandshake.java:75)
	at org.openqa.selenium.remote.ProtocolHandshake.createSession(ProtocolHandshake.java:61)
	at io.appium.java_client.remote.AppiumCommandExecutor.createSession(AppiumCommandExecutor.java:176)
	at io.appium.java_client.remote.AppiumCommandExecutor.execute(AppiumCommandExecutor.java:237)
	at org.openqa.selenium.remote.RemoteWebDriver.execute(RemoteWebDriver.java:545)
	at io.appium.java_client.AppiumDriver.startSession(AppiumDriver.java:270)
	at org.openqa.selenium.remote.RemoteWebDriver.&lt;init&gt;(RemoteWebDriver.java:174)
	at io.appium.java_client.AppiumDriver.&lt;init&gt;(AppiumDriver.java:91)
	at io.appium.java_client.AppiumDriver.&lt;init&gt;(AppiumDriver.java:103)
	at io.appium.java_client.ios.IOSDriver.&lt;init&gt;(IOSDriver.java:101)
	at com.qa.baseClass.BaseTest.beforeTest(BaseTest.java:306)
	at java.base/jdk.internal.reflect.NativeMethodAccessorImpl.invoke0(Native Method)
	at java.base/jdk.internal.reflect.NativeMethodAccessorImpl.invoke(NativeMethodAccessorImpl.java:77)
	at java.base/jdk.internal.reflect.DelegatingMethodAccessorImpl.invoke(DelegatingMethodAccessorImpl.java:43)
	at java.base/java.lang.reflect.Method.invoke(Method.java:568)
	at org.testng.internal.invokers.MethodInvocationHelper.invokeMethod(MethodInvocationHelper.java:141)
	at org.testng.internal.invokers.MethodInvocationHelper.invokeMethodConsideringTimeout(MethodInvocationHelper.java:71)
	at org.testng.internal.invokers.ConfigInvoker.invokeConfigurationMethod(ConfigInvoker.java:400)
	at org.testng.internal.invokers.ConfigInvoker.invokeConfigurations(ConfigInvoker.java:333)
	at org.testng.TestRunner.invokeTestConfigurations(TestRunner.java:655)
	at org.testng.TestRunner.beforeRun(TestRunner.java:644)
	at org.testng.TestRunner.run(TestRunner.java:610)
	at org.testng.SuiteRunner.runTest(SuiteRunner.java:421)
	at org.testng.SuiteRunner$SuiteWorker.run(SuiteRunner.java:463)
	at org.testng.internal.thread.ThreadUtil.lambda$execute$0(ThreadUtil.java:64)
	at java.base/java.util.concurrent.FutureTask.run(FutureTask.java:264)
	at java.base/java.util.concurrent.ThreadPoolExecutor.runWorker(ThreadPoolExecutor.java:1136)
	at java.base/java.util.concurrent.ThreadPoolExecutor$Worker.run(ThreadPoolExecutor.java:635)
	at java.base/java.lang.Thread.run(Thread.java:842)
</pre></div></td>
<td>0</td>
<td>com.qa.testClass.LoginPageTest@175b9425</td></tr>
<tr>
<td title='com.qa.testClass.LoginPageTest.invalidPasswordErrText()'><b>invalidPasswordErrText</b><br>Test class: com.qa.testClass.LoginPageTest</td>
<td><div><pre>org.openqa.selenium.SessionNotCreatedException: Could not start a new session. Response code 500. Message: An unknown server-side error occurred while processing the command. Original error: Could not find a driver for automationName &apos;XCUITest&apos; and platformName &apos;IOS&apos;. Have you installed a driver that supports those capabilities? Run &apos;appium driver list --installed&apos; to see. (Lower-level error: Could not find installed driver to support given caps) 
Host info: host: &apos;EXIPC0200&apos;, ip: &apos;172.17.10.166&apos;
Build info: version: &apos;4.25.0&apos;, revision: &apos;8a8aea2337&apos;
System info: os.name: &apos;Windows 11&apos;, os.arch: &apos;amd64&apos;, os.version: &apos;10.0&apos;, java.version: &apos;17.0.12&apos;
Driver info: io.appium.java_client.ios.IOSDriver
Command: [null, newSession {capabilities=[Capabilities {appium:app: D:\Eclipse-WorkSpace\SmartA..., appium:automationName: XCUITest, appium:bundleId: org.reactjs.native.example...., appium:deviceName: iPhone XS, appium:udid: PD21BDD464038424, appium:wdaLocalPort: 10001, appium:webkitDebugProxyPort: 11001, platformName: IOS}]}]
Capabilities {appium:app: D:\Eclipse-WorkSpace\SmartA..., appium:automationName: XCUITest, appium:bundleId: org.reactjs.native.example...., appium:deviceName: iPhone XS, appium:udid: PD21BDD464038424, appium:wdaLocalPort: 10001, appium:webkitDebugProxyPort: 11001, platformName: IOS}
	at org.openqa.selenium.remote.ProtocolHandshake.createSession(ProtocolHandshake.java:114)
	at org.openqa.selenium.remote.ProtocolHandshake.createSession(ProtocolHandshake.java:75)
	at org.openqa.selenium.remote.ProtocolHandshake.createSession(ProtocolHandshake.java:61)
	at io.appium.java_client.remote.AppiumCommandExecutor.createSession(AppiumCommandExecutor.java:176)
	at io.appium.java_client.remote.AppiumCommandExecutor.execute(AppiumCommandExecutor.java:237)
	at org.openqa.selenium.remote.RemoteWebDriver.execute(RemoteWebDriver.java:545)
	at io.appium.java_client.AppiumDriver.startSession(AppiumDriver.java:270)
	at org.openqa.selenium.remote.RemoteWebDriver.&lt;init&gt;(RemoteWebDriver.java:174)
	at io.appium.java_client.AppiumDriver.&lt;init&gt;(AppiumDriver.java:91)
	at io.appium.java_client.AppiumDriver.&lt;init&gt;(AppiumDriver.java:103)
	at io.appium.java_client.ios.IOSDriver.&lt;init&gt;(IOSDriver.java:101)
	at com.qa.baseClass.BaseTest.beforeTest(BaseTest.java:306)
	at java.base/java.util.concurrent.FutureTask.run(FutureTask.java:264)
	at java.base/java.util.concurrent.ThreadPoolExecutor.runWorker(ThreadPoolExecutor.java:1136)
	at java.base/java.util.concurrent.ThreadPoolExecutor$Worker.run(ThreadPoolExecutor.java:635)
	at java.base/java.lang.Thread.run(Thread.java:842)
... Removed 14 stack frames</pre></div><a href='#' onClick='toggleBox("stack-trace664536487", this, "Click to show all stack frames", "Click to hide stack frames")'>Click to show all stack frames</a>
<div class='stack-trace' id='stack-trace664536487'><pre>org.openqa.selenium.SessionNotCreatedException: Could not start a new session. Response code 500. Message: An unknown server-side error occurred while processing the command. Original error: Could not find a driver for automationName &apos;XCUITest&apos; and platformName &apos;IOS&apos;. Have you installed a driver that supports those capabilities? Run &apos;appium driver list --installed&apos; to see. (Lower-level error: Could not find installed driver to support given caps) 
Host info: host: &apos;EXIPC0200&apos;, ip: &apos;172.17.10.166&apos;
Build info: version: &apos;4.25.0&apos;, revision: &apos;8a8aea2337&apos;
System info: os.name: &apos;Windows 11&apos;, os.arch: &apos;amd64&apos;, os.version: &apos;10.0&apos;, java.version: &apos;17.0.12&apos;
Driver info: io.appium.java_client.ios.IOSDriver
Command: [null, newSession {capabilities=[Capabilities {appium:app: D:\Eclipse-WorkSpace\SmartA..., appium:automationName: XCUITest, appium:bundleId: org.reactjs.native.example...., appium:deviceName: iPhone XS, appium:udid: PD21BDD464038424, appium:wdaLocalPort: 10001, appium:webkitDebugProxyPort: 11001, platformName: IOS}]}]
Capabilities {appium:app: D:\Eclipse-WorkSpace\SmartA..., appium:automationName: XCUITest, appium:bundleId: org.reactjs.native.example...., appium:deviceName: iPhone XS, appium:udid: PD21BDD464038424, appium:wdaLocalPort: 10001, appium:webkitDebugProxyPort: 11001, platformName: IOS}
	at org.openqa.selenium.remote.ProtocolHandshake.createSession(ProtocolHandshake.java:114)
	at org.openqa.selenium.remote.ProtocolHandshake.createSession(ProtocolHandshake.java:75)
	at org.openqa.selenium.remote.ProtocolHandshake.createSession(ProtocolHandshake.java:61)
	at io.appium.java_client.remote.AppiumCommandExecutor.createSession(AppiumCommandExecutor.java:176)
	at io.appium.java_client.remote.AppiumCommandExecutor.execute(AppiumCommandExecutor.java:237)
	at org.openqa.selenium.remote.RemoteWebDriver.execute(RemoteWebDriver.java:545)
	at io.appium.java_client.AppiumDriver.startSession(AppiumDriver.java:270)
	at org.openqa.selenium.remote.RemoteWebDriver.&lt;init&gt;(RemoteWebDriver.java:174)
	at io.appium.java_client.AppiumDriver.&lt;init&gt;(AppiumDriver.java:91)
	at io.appium.java_client.AppiumDriver.&lt;init&gt;(AppiumDriver.java:103)
	at io.appium.java_client.ios.IOSDriver.&lt;init&gt;(IOSDriver.java:101)
	at com.qa.baseClass.BaseTest.beforeTest(BaseTest.java:306)
	at java.base/jdk.internal.reflect.NativeMethodAccessorImpl.invoke0(Native Method)
	at java.base/jdk.internal.reflect.NativeMethodAccessorImpl.invoke(NativeMethodAccessorImpl.java:77)
	at java.base/jdk.internal.reflect.DelegatingMethodAccessorImpl.invoke(DelegatingMethodAccessorImpl.java:43)
	at java.base/java.lang.reflect.Method.invoke(Method.java:568)
	at org.testng.internal.invokers.MethodInvocationHelper.invokeMethod(MethodInvocationHelper.java:141)
	at org.testng.internal.invokers.MethodInvocationHelper.invokeMethodConsideringTimeout(MethodInvocationHelper.java:71)
	at org.testng.internal.invokers.ConfigInvoker.invokeConfigurationMethod(ConfigInvoker.java:400)
	at org.testng.internal.invokers.ConfigInvoker.invokeConfigurations(ConfigInvoker.java:333)
	at org.testng.TestRunner.invokeTestConfigurations(TestRunner.java:655)
	at org.testng.TestRunner.beforeRun(TestRunner.java:644)
	at org.testng.TestRunner.run(TestRunner.java:610)
	at org.testng.SuiteRunner.runTest(SuiteRunner.java:421)
	at org.testng.SuiteRunner$SuiteWorker.run(SuiteRunner.java:463)
	at org.testng.internal.thread.ThreadUtil.lambda$execute$0(ThreadUtil.java:64)
	at java.base/java.util.concurrent.FutureTask.run(FutureTask.java:264)
	at java.base/java.util.concurrent.ThreadPoolExecutor.runWorker(ThreadPoolExecutor.java:1136)
	at java.base/java.util.concurrent.ThreadPoolExecutor$Worker.run(ThreadPoolExecutor.java:635)
	at java.base/java.lang.Thread.run(Thread.java:842)
</pre></div></td>
<td>0</td>
<td>com.qa.testClass.LoginPageTest@175b9425</td></tr>
</table><p>
</body>
</html>